[2019-03-20 19:17:05.188] [exthost] [info] extension host started
[2019-03-20 19:17:05.247] [exthost] [info] ExtensionService#_doActivateExtension vscode.debug-auto-launch {"startup":true,"activationEvent":"*"}
[2019-03-20 19:17:05.247] [exthost] [info] ExtensionService#loadCommonJSModule /usr/lib/code/extensions/debug-auto-launch/dist/extension
[2019-03-20 19:17:05.249] [exthost] [info] ExtensionService#_doActivateExtension vscode.emmet {"startup":true,"activationEvent":"*"}
[2019-03-20 19:17:05.249] [exthost] [info] ExtensionService#loadCommonJSModule /usr/lib/code/extensions/emmet/dist/extension
[2019-03-20 19:17:05.263] [exthost] [info] ExtensionService#_doActivateExtension vscode.git {"startup":true,"activationEvent":"*"}
[2019-03-20 19:17:05.263] [exthost] [info] ExtensionService#loadCommonJSModule /usr/lib/code/extensions/git/dist/main
[2019-03-20 19:17:05.334] [exthost] [info] ExtensionService#_doActivateExtension vscode.merge-conflict {"startup":true,"activationEvent":"*"}
[2019-03-20 19:17:05.334] [exthost] [info] ExtensionService#loadCommonJSModule /usr/lib/code/extensions/merge-conflict/dist/extension
[2019-03-20 19:17:05.339] [exthost] [info] ExtensionService#_doActivateExtension CoenraadS.bracket-pair-colorizer-2 {"startup":true,"activationEvent":"*"}
[2019-03-20 19:17:05.339] [exthost] [info] ExtensionService#loadCommonJSModule /home/cristi/.vscode-oss/extensions/coenraads.bracket-pair-colorizer-2-0.0.28/out/src/extension
[2019-03-20 19:17:05.351] [exthost] [info] ExtensionService#_doActivateExtension eamodio.gitlens {"startup":true,"activationEvent":"*"}
[2019-03-20 19:17:05.351] [exthost] [info] ExtensionService#loadCommonJSModule /home/cristi/.vscode-oss/extensions/eamodio.gitlens-9.5.1/dist/extension
[2019-03-20 19:17:05.435] [exthost] [info] ExtensionService#_doActivateExtension Equinusocio.vsc-material-theme {"startup":true,"activationEvent":"*"}
[2019-03-20 19:17:05.435] [exthost] [info] ExtensionService#loadCommonJSModule /home/cristi/.vscode-oss/extensions/equinusocio.vsc-material-theme-2.8.1/out/src/material.theme.config
[2019-03-20 19:17:05.442] [exthost] [info] ExtensionService#_doActivateExtension esbenp.prettier-vscode {"startup":true,"activationEvent":"*"}
[2019-03-20 19:17:05.442] [exthost] [info] ExtensionService#loadCommonJSModule /home/cristi/.vscode-oss/extensions/esbenp.prettier-vscode-1.8.1/out/src/extension
[2019-03-20 19:17:05.564] [exthost] [info] ExtensionService#_doActivateExtension formulahendry.auto-close-tag {"startup":true,"activationEvent":"*"}
[2019-03-20 19:17:05.564] [exthost] [info] ExtensionService#loadCommonJSModule /home/cristi/.vscode-oss/extensions/formulahendry.auto-close-tag-0.5.6/out/src/extension
[2019-03-20 19:17:05.565] [exthost] [info] ExtensionService#_doActivateExtension ionutvmi.path-autocomplete {"startup":true,"activationEvent":"*"}
[2019-03-20 19:17:05.565] [exthost] [info] ExtensionService#loadCommonJSModule /home/cristi/.vscode-oss/extensions/ionutvmi.path-autocomplete-1.13.1/out/src/extension
[2019-03-20 19:17:05.569] [exthost] [info] ExtensionService#_doActivateExtension lihui.vs-color-picker {"startup":true,"activationEvent":"*"}
[2019-03-20 19:17:05.569] [exthost] [info] ExtensionService#loadCommonJSModule /home/cristi/.vscode-oss/extensions/lihui.vs-color-picker-1.0.0/out/src/extension
[2019-03-20 19:17:05.570] [exthost] [info] ExtensionService#_doActivateExtension naumovs.color-highlight {"startup":true,"activationEvent":"*"}
[2019-03-20 19:17:05.570] [exthost] [info] ExtensionService#loadCommonJSModule /home/cristi/.vscode-oss/extensions/naumovs.color-highlight-2.3.0/dist/extension
[2019-03-20 19:17:05.588] [exthost] [info] ExtensionService#_doActivateExtension PKief.material-icon-theme {"startup":true,"activationEvent":"*"}
[2019-03-20 19:17:05.588] [exthost] [info] ExtensionService#loadCommonJSModule /home/cristi/.vscode-oss/extensions/pkief.material-icon-theme-3.6.3/out/src/extension
[2019-03-20 19:17:05.610] [exthost] [info] ExtensionService#_doActivateExtension ritwickdey.LiveServer {"startup":true,"activationEvent":"*"}
[2019-03-20 19:17:05.610] [exthost] [info] ExtensionService#loadCommonJSModule /home/cristi/.vscode-oss/extensions/ritwickdey.liveserver-5.5.1/out/src/extension
[2019-03-20 19:17:05.775] [exthost] [info] ExtensionService#_doActivateExtension vincaslt.highlight-matching-tag {"startup":true,"activationEvent":"*"}
[2019-03-20 19:17:05.775] [exthost] [info] ExtensionService#loadCommonJSModule /home/cristi/.vscode-oss/extensions/vincaslt.highlight-matching-tag-0.8.6/out/src/extension
[2019-03-20 19:17:05.781] [exthost] [info] ExtensionService#_doActivateExtension vscode-icons-team.vscode-icons {"startup":true,"activationEvent":"*"}
[2019-03-20 19:17:05.781] [exthost] [info] ExtensionService#loadCommonJSModule /home/cristi/.vscode-oss/extensions/vscode-icons-team.vscode-icons-8.3.0/out/src/
[2019-03-20 19:17:05.824] [exthost] [info] ExtensionService#_doActivateExtension vscode.typescript-language-features {"startup":false,"activationEvent":"onLanguage:javascript"}
[2019-03-20 19:17:05.824] [exthost] [info] ExtensionService#loadCommonJSModule /usr/lib/code/extensions/typescript-language-features/dist/extension
[2019-03-20 19:17:05.867] [exthost] [info] eager extensions activated
[2019-03-20 19:17:10.590] [exthost] [info] extension host started
[2019-03-20 19:17:10.680] [exthost] [info] ExtensionService#_doActivateExtension vscode.debug-auto-launch {"startup":true,"activationEvent":"*"}
[2019-03-20 19:17:10.680] [exthost] [info] ExtensionService#loadCommonJSModule /usr/lib/code/extensions/debug-auto-launch/dist/extension
[2019-03-20 19:17:10.683] [exthost] [info] ExtensionService#_doActivateExtension vscode.emmet {"startup":true,"activationEvent":"*"}
[2019-03-20 19:17:10.683] [exthost] [info] ExtensionService#loadCommonJSModule /usr/lib/code/extensions/emmet/dist/extension
[2019-03-20 19:17:10.699] [exthost] [info] ExtensionService#_doActivateExtension vscode.git {"startup":true,"activationEvent":"*"}
[2019-03-20 19:17:10.699] [exthost] [info] ExtensionService#loadCommonJSModule /usr/lib/code/extensions/git/dist/main
[2019-03-20 19:17:10.792] [exthost] [info] ExtensionService#_doActivateExtension vscode.merge-conflict {"startup":true,"activationEvent":"*"}
[2019-03-20 19:17:10.792] [exthost] [info] ExtensionService#loadCommonJSModule /usr/lib/code/extensions/merge-conflict/dist/extension
[2019-03-20 19:17:10.797] [exthost] [info] ExtensionService#_doActivateExtension CoenraadS.bracket-pair-colorizer-2 {"startup":true,"activationEvent":"*"}
[2019-03-20 19:17:10.797] [exthost] [info] ExtensionService#loadCommonJSModule /home/cristi/.vscode-oss/extensions/coenraads.bracket-pair-colorizer-2-0.0.28/out/src/extension
[2019-03-20 19:17:10.812] [exthost] [info] ExtensionService#_doActivateExtension eamodio.gitlens {"startup":true,"activationEvent":"*"}
[2019-03-20 19:17:10.812] [exthost] [info] ExtensionService#loadCommonJSModule /home/cristi/.vscode-oss/extensions/eamodio.gitlens-9.5.1/dist/extension
[2019-03-20 19:17:10.916] [exthost] [info] ExtensionService#_doActivateExtension Equinusocio.vsc-material-theme {"startup":true,"activationEvent":"*"}
[2019-03-20 19:17:10.916] [exthost] [info] ExtensionService#loadCommonJSModule /home/cristi/.vscode-oss/extensions/equinusocio.vsc-material-theme-2.8.1/out/src/material.theme.config
[2019-03-20 19:17:10.923] [exthost] [info] ExtensionService#_doActivateExtension esbenp.prettier-vscode {"startup":true,"activationEvent":"*"}
[2019-03-20 19:17:10.923] [exthost] [info] ExtensionService#loadCommonJSModule /home/cristi/.vscode-oss/extensions/esbenp.prettier-vscode-1.8.1/out/src/extension
[2019-03-20 19:17:11.056] [exthost] [info] ExtensionService#_doActivateExtension formulahendry.auto-close-tag {"startup":true,"activationEvent":"*"}
[2019-03-20 19:17:11.056] [exthost] [info] ExtensionService#loadCommonJSModule /home/cristi/.vscode-oss/extensions/formulahendry.auto-close-tag-0.5.6/out/src/extension
[2019-03-20 19:17:11.057] [exthost] [info] ExtensionService#_doActivateExtension ionutvmi.path-autocomplete {"startup":true,"activationEvent":"*"}
[2019-03-20 19:17:11.057] [exthost] [info] ExtensionService#loadCommonJSModule /home/cristi/.vscode-oss/extensions/ionutvmi.path-autocomplete-1.13.1/out/src/extension
[2019-03-20 19:17:11.061] [exthost] [info] ExtensionService#_doActivateExtension lihui.vs-color-picker {"startup":true,"activationEvent":"*"}
[2019-03-20 19:17:11.061] [exthost] [info] ExtensionService#loadCommonJSModule /home/cristi/.vscode-oss/extensions/lihui.vs-color-picker-1.0.0/out/src/extension
[2019-03-20 19:17:11.062] [exthost] [info] ExtensionService#_doActivateExtension naumovs.color-highlight {"startup":true,"activationEvent":"*"}
[2019-03-20 19:17:11.062] [exthost] [info] ExtensionService#loadCommonJSModule /home/cristi/.vscode-oss/extensions/naumovs.color-highlight-2.3.0/dist/extension
[2019-03-20 19:17:11.081] [exthost] [info] ExtensionService#_doActivateExtension PKief.material-icon-theme {"startup":true,"activationEvent":"*"}
[2019-03-20 19:17:11.081] [exthost] [info] ExtensionService#loadCommonJSModule /home/cristi/.vscode-oss/extensions/pkief.material-icon-theme-3.6.3/out/src/extension
[2019-03-20 19:17:11.112] [exthost] [info] ExtensionService#_doActivateExtension ritwickdey.LiveServer {"startup":true,"activationEvent":"*"}
[2019-03-20 19:17:11.112] [exthost] [info] ExtensionService#loadCommonJSModule /home/cristi/.vscode-oss/extensions/ritwickdey.liveserver-5.5.1/out/src/extension
[2019-03-20 19:17:11.284] [exthost] [info] ExtensionService#_doActivateExtension vincaslt.highlight-matching-tag {"startup":true,"activationEvent":"*"}
[2019-03-20 19:17:11.284] [exthost] [info] ExtensionService#loadCommonJSModule /home/cristi/.vscode-oss/extensions/vincaslt.highlight-matching-tag-0.8.6/out/src/extension
[2019-03-20 19:17:11.289] [exthost] [info] ExtensionService#_doActivateExtension vscode-icons-team.vscode-icons {"startup":true,"activationEvent":"*"}
[2019-03-20 19:17:11.289] [exthost] [info] ExtensionService#loadCommonJSModule /home/cristi/.vscode-oss/extensions/vscode-icons-team.vscode-icons-8.3.0/out/src/
[2019-03-20 19:17:11.334] [exthost] [info] ExtensionService#_doActivateExtension vscode.typescript-language-features {"startup":false,"activationEvent":"onLanguage:javascript"}
[2019-03-20 19:17:11.334] [exthost] [info] ExtensionService#loadCommonJSModule /usr/lib/code/extensions/typescript-language-features/dist/extension
[2019-03-20 19:17:11.376] [exthost] [info] eager extensions activated
