[2019-03-16 13:13:35.960] [exthost] [info] extension host started
[2019-03-16 13:13:36.006] [exthost] [info] ExtensionService#_doActivateExtension vscode.debug-auto-launch {"startup":true,"activationEvent":"*"}
[2019-03-16 13:13:36.006] [exthost] [info] ExtensionService#loadCommonJSModule /usr/lib/code/extensions/debug-auto-launch/dist/extension
[2019-03-16 13:13:36.009] [exthost] [info] ExtensionService#_doActivateExtension vscode.emmet {"startup":true,"activationEvent":"*"}
[2019-03-16 13:13:36.009] [exthost] [info] ExtensionService#loadCommonJSModule /usr/lib/code/extensions/emmet/dist/extension
[2019-03-16 13:13:36.023] [exthost] [info] ExtensionService#_doActivateExtension vscode.git {"startup":true,"activationEvent":"*"}
[2019-03-16 13:13:36.023] [exthost] [info] ExtensionService#loadCommonJSModule /usr/lib/code/extensions/git/dist/main
[2019-03-16 13:13:36.092] [exthost] [info] ExtensionService#_doActivateExtension vscode.merge-conflict {"startup":true,"activationEvent":"*"}
[2019-03-16 13:13:36.092] [exthost] [info] ExtensionService#loadCommonJSModule /usr/lib/code/extensions/merge-conflict/dist/extension
[2019-03-16 13:13:36.096] [exthost] [info] ExtensionService#_doActivateExtension CoenraadS.bracket-pair-colorizer-2 {"startup":true,"activationEvent":"*"}
[2019-03-16 13:13:36.096] [exthost] [info] ExtensionService#loadCommonJSModule /home/cristi/.vscode-oss/extensions/coenraads.bracket-pair-colorizer-2-0.0.28/out/src/extension
[2019-03-16 13:13:36.111] [exthost] [info] ExtensionService#_doActivateExtension eamodio.gitlens {"startup":true,"activationEvent":"*"}
[2019-03-16 13:13:36.111] [exthost] [info] ExtensionService#loadCommonJSModule /home/cristi/.vscode-oss/extensions/eamodio.gitlens-9.5.1/dist/extension
[2019-03-16 13:13:36.191] [exthost] [info] ExtensionService#_doActivateExtension Equinusocio.vsc-material-theme {"startup":true,"activationEvent":"*"}
[2019-03-16 13:13:36.191] [exthost] [info] ExtensionService#loadCommonJSModule /home/cristi/.vscode-oss/extensions/equinusocio.vsc-material-theme-2.7.0/out/src/material.theme.config
[2019-03-16 13:13:36.198] [exthost] [info] ExtensionService#_doActivateExtension formulahendry.auto-close-tag {"startup":true,"activationEvent":"*"}
[2019-03-16 13:13:36.198] [exthost] [info] ExtensionService#loadCommonJSModule /home/cristi/.vscode-oss/extensions/formulahendry.auto-close-tag-0.5.6/out/src/extension
[2019-03-16 13:13:36.199] [exthost] [info] ExtensionService#_doActivateExtension ionutvmi.path-autocomplete {"startup":true,"activationEvent":"*"}
[2019-03-16 13:13:36.199] [exthost] [info] ExtensionService#loadCommonJSModule /home/cristi/.vscode-oss/extensions/ionutvmi.path-autocomplete-1.13.1/out/src/extension
[2019-03-16 13:13:36.206] [exthost] [info] ExtensionService#_doActivateExtension lihui.vs-color-picker {"startup":true,"activationEvent":"*"}
[2019-03-16 13:13:36.206] [exthost] [info] ExtensionService#loadCommonJSModule /home/cristi/.vscode-oss/extensions/lihui.vs-color-picker-1.0.0/out/src/extension
[2019-03-16 13:13:36.207] [exthost] [info] ExtensionService#_doActivateExtension naumovs.color-highlight {"startup":true,"activationEvent":"*"}
[2019-03-16 13:13:36.207] [exthost] [info] ExtensionService#loadCommonJSModule /home/cristi/.vscode-oss/extensions/naumovs.color-highlight-2.3.0/dist/extension
[2019-03-16 13:13:36.225] [exthost] [info] ExtensionService#_doActivateExtension PKief.material-icon-theme {"startup":true,"activationEvent":"*"}
[2019-03-16 13:13:36.225] [exthost] [info] ExtensionService#loadCommonJSModule /home/cristi/.vscode-oss/extensions/pkief.material-icon-theme-3.6.3/out/src/extension
[2019-03-16 13:13:36.253] [exthost] [info] ExtensionService#_doActivateExtension ritwickdey.LiveServer {"startup":true,"activationEvent":"*"}
[2019-03-16 13:13:36.253] [exthost] [info] ExtensionService#loadCommonJSModule /home/cristi/.vscode-oss/extensions/ritwickdey.liveserver-5.5.1/out/src/extension
[2019-03-16 13:13:36.527] [exthost] [info] ExtensionService#_doActivateExtension vincaslt.highlight-matching-tag {"startup":true,"activationEvent":"*"}
[2019-03-16 13:13:36.527] [exthost] [info] ExtensionService#loadCommonJSModule /home/cristi/.vscode-oss/extensions/vincaslt.highlight-matching-tag-0.8.6/out/src/extension
[2019-03-16 13:13:36.533] [exthost] [info] ExtensionService#_doActivateExtension vscode-icons-team.vscode-icons {"startup":true,"activationEvent":"*"}
[2019-03-16 13:13:36.533] [exthost] [info] ExtensionService#loadCommonJSModule /home/cristi/.vscode-oss/extensions/vscode-icons-team.vscode-icons-8.3.0/out/src/
[2019-03-16 13:13:36.580] [exthost] [info] ExtensionService#_doActivateExtension vscode.typescript-language-features {"startup":false,"activationEvent":"onLanguage:javascript"}
[2019-03-16 13:13:36.580] [exthost] [info] ExtensionService#loadCommonJSModule /usr/lib/code/extensions/typescript-language-features/dist/extension
[2019-03-16 13:13:36.619] [exthost] [info] eager extensions activated
[2019-03-16 13:46:41.241] [exthost] [info] ExtensionService#_doActivateExtension vscode.html-language-features {"startup":false,"activationEvent":"onLanguage:html"}
[2019-03-16 13:46:41.241] [exthost] [info] ExtensionService#loadCommonJSModule /usr/lib/code/extensions/html-language-features/client/dist/htmlMain
