[2019-03-20 12:06:30.373] [exthost] [info] extension host started
[2019-03-20 12:06:30.435] [exthost] [info] ExtensionService#_doActivateExtension vscode.debug-auto-launch {"startup":true,"activationEvent":"*"}
[2019-03-20 12:06:30.436] [exthost] [info] ExtensionService#loadCommonJSModule /usr/lib/code/extensions/debug-auto-launch/dist/extension
[2019-03-20 12:06:30.439] [exthost] [info] ExtensionService#_doActivateExtension vscode.emmet {"startup":true,"activationEvent":"*"}
[2019-03-20 12:06:30.439] [exthost] [info] ExtensionService#loadCommonJSModule /usr/lib/code/extensions/emmet/dist/extension
[2019-03-20 12:06:30.454] [exthost] [info] ExtensionService#_doActivateExtension vscode.git {"startup":true,"activationEvent":"*"}
[2019-03-20 12:06:30.454] [exthost] [info] ExtensionService#loadCommonJSModule /usr/lib/code/extensions/git/dist/main
[2019-03-20 12:06:30.528] [exthost] [info] ExtensionService#_doActivateExtension vscode.merge-conflict {"startup":true,"activationEvent":"*"}
[2019-03-20 12:06:30.528] [exthost] [info] ExtensionService#loadCommonJSModule /usr/lib/code/extensions/merge-conflict/dist/extension
[2019-03-20 12:06:30.532] [exthost] [info] ExtensionService#_doActivateExtension CoenraadS.bracket-pair-colorizer-2 {"startup":true,"activationEvent":"*"}
[2019-03-20 12:06:30.532] [exthost] [info] ExtensionService#loadCommonJSModule /home/cristi/.vscode-oss/extensions/coenraads.bracket-pair-colorizer-2-0.0.28/out/src/extension
[2019-03-20 12:06:30.551] [exthost] [info] ExtensionService#_doActivateExtension eamodio.gitlens {"startup":true,"activationEvent":"*"}
[2019-03-20 12:06:30.551] [exthost] [info] ExtensionService#loadCommonJSModule /home/cristi/.vscode-oss/extensions/eamodio.gitlens-9.5.1/dist/extension
[2019-03-20 12:06:30.634] [exthost] [info] ExtensionService#_doActivateExtension Equinusocio.vsc-material-theme {"startup":true,"activationEvent":"*"}
[2019-03-20 12:06:30.634] [exthost] [info] ExtensionService#loadCommonJSModule /home/cristi/.vscode-oss/extensions/equinusocio.vsc-material-theme-2.8.1/out/src/material.theme.config
[2019-03-20 12:06:30.641] [exthost] [info] ExtensionService#_doActivateExtension esbenp.prettier-vscode {"startup":true,"activationEvent":"*"}
[2019-03-20 12:06:30.641] [exthost] [info] ExtensionService#loadCommonJSModule /home/cristi/.vscode-oss/extensions/esbenp.prettier-vscode-1.8.1/out/src/extension
[2019-03-20 12:06:30.767] [exthost] [info] ExtensionService#_doActivateExtension formulahendry.auto-close-tag {"startup":true,"activationEvent":"*"}
[2019-03-20 12:06:30.767] [exthost] [info] ExtensionService#loadCommonJSModule /home/cristi/.vscode-oss/extensions/formulahendry.auto-close-tag-0.5.6/out/src/extension
[2019-03-20 12:06:30.768] [exthost] [info] ExtensionService#_doActivateExtension ionutvmi.path-autocomplete {"startup":true,"activationEvent":"*"}
[2019-03-20 12:06:30.768] [exthost] [info] ExtensionService#loadCommonJSModule /home/cristi/.vscode-oss/extensions/ionutvmi.path-autocomplete-1.13.1/out/src/extension
[2019-03-20 12:06:30.777] [exthost] [info] ExtensionService#_doActivateExtension lihui.vs-color-picker {"startup":true,"activationEvent":"*"}
[2019-03-20 12:06:30.777] [exthost] [info] ExtensionService#loadCommonJSModule /home/cristi/.vscode-oss/extensions/lihui.vs-color-picker-1.0.0/out/src/extension
[2019-03-20 12:06:30.778] [exthost] [info] ExtensionService#_doActivateExtension naumovs.color-highlight {"startup":true,"activationEvent":"*"}
[2019-03-20 12:06:30.778] [exthost] [info] ExtensionService#loadCommonJSModule /home/cristi/.vscode-oss/extensions/naumovs.color-highlight-2.3.0/dist/extension
[2019-03-20 12:06:30.800] [exthost] [info] ExtensionService#_doActivateExtension PKief.material-icon-theme {"startup":true,"activationEvent":"*"}
[2019-03-20 12:06:30.800] [exthost] [info] ExtensionService#loadCommonJSModule /home/cristi/.vscode-oss/extensions/pkief.material-icon-theme-3.6.3/out/src/extension
[2019-03-20 12:06:30.840] [exthost] [info] ExtensionService#_doActivateExtension ritwickdey.LiveServer {"startup":true,"activationEvent":"*"}
[2019-03-20 12:06:30.840] [exthost] [info] ExtensionService#loadCommonJSModule /home/cristi/.vscode-oss/extensions/ritwickdey.liveserver-5.5.1/out/src/extension
[2019-03-20 12:06:31.125] [exthost] [info] ExtensionService#_doActivateExtension vincaslt.highlight-matching-tag {"startup":true,"activationEvent":"*"}
[2019-03-20 12:06:31.125] [exthost] [info] ExtensionService#loadCommonJSModule /home/cristi/.vscode-oss/extensions/vincaslt.highlight-matching-tag-0.8.6/out/src/extension
[2019-03-20 12:06:31.132] [exthost] [info] ExtensionService#_doActivateExtension vscode-icons-team.vscode-icons {"startup":true,"activationEvent":"*"}
[2019-03-20 12:06:31.132] [exthost] [info] ExtensionService#loadCommonJSModule /home/cristi/.vscode-oss/extensions/vscode-icons-team.vscode-icons-8.3.0/out/src/
[2019-03-20 12:06:31.185] [exthost] [info] ExtensionService#_doActivateExtension vscode.typescript-language-features {"startup":false,"activationEvent":"onLanguage:javascript"}
[2019-03-20 12:06:31.185] [exthost] [info] ExtensionService#loadCommonJSModule /usr/lib/code/extensions/typescript-language-features/dist/extension
[2019-03-20 12:06:31.227] [exthost] [info] eager extensions activated
[2019-03-20 12:06:35.960] [exthost] [info] extension host started
[2019-03-20 12:06:35.988] [exthost] [info] ExtensionService#_doActivateExtension vscode.debug-auto-launch {"startup":true,"activationEvent":"*"}
[2019-03-20 12:06:35.988] [exthost] [info] ExtensionService#loadCommonJSModule /usr/lib/code/extensions/debug-auto-launch/dist/extension
[2019-03-20 12:06:35.991] [exthost] [info] ExtensionService#_doActivateExtension vscode.emmet {"startup":true,"activationEvent":"*"}
[2019-03-20 12:06:35.991] [exthost] [info] ExtensionService#loadCommonJSModule /usr/lib/code/extensions/emmet/dist/extension
[2019-03-20 12:06:36.003] [exthost] [info] ExtensionService#_doActivateExtension vscode.git {"startup":true,"activationEvent":"*"}
[2019-03-20 12:06:36.003] [exthost] [info] ExtensionService#loadCommonJSModule /usr/lib/code/extensions/git/dist/main
[2019-03-20 12:06:36.080] [exthost] [info] ExtensionService#_doActivateExtension vscode.merge-conflict {"startup":true,"activationEvent":"*"}
[2019-03-20 12:06:36.080] [exthost] [info] ExtensionService#loadCommonJSModule /usr/lib/code/extensions/merge-conflict/dist/extension
[2019-03-20 12:06:36.083] [exthost] [info] ExtensionService#_doActivateExtension CoenraadS.bracket-pair-colorizer-2 {"startup":true,"activationEvent":"*"}
[2019-03-20 12:06:36.083] [exthost] [info] ExtensionService#loadCommonJSModule /home/cristi/.vscode-oss/extensions/coenraads.bracket-pair-colorizer-2-0.0.28/out/src/extension
[2019-03-20 12:06:36.095] [exthost] [info] ExtensionService#_doActivateExtension eamodio.gitlens {"startup":true,"activationEvent":"*"}
[2019-03-20 12:06:36.095] [exthost] [info] ExtensionService#loadCommonJSModule /home/cristi/.vscode-oss/extensions/eamodio.gitlens-9.5.1/dist/extension
[2019-03-20 12:06:36.186] [exthost] [info] ExtensionService#_doActivateExtension Equinusocio.vsc-material-theme {"startup":true,"activationEvent":"*"}
[2019-03-20 12:06:36.186] [exthost] [info] ExtensionService#loadCommonJSModule /home/cristi/.vscode-oss/extensions/equinusocio.vsc-material-theme-2.8.1/out/src/material.theme.config
[2019-03-20 12:06:36.191] [exthost] [info] ExtensionService#_doActivateExtension esbenp.prettier-vscode {"startup":true,"activationEvent":"*"}
[2019-03-20 12:06:36.191] [exthost] [info] ExtensionService#loadCommonJSModule /home/cristi/.vscode-oss/extensions/esbenp.prettier-vscode-1.8.1/out/src/extension
[2019-03-20 12:06:36.300] [exthost] [info] ExtensionService#_doActivateExtension formulahendry.auto-close-tag {"startup":true,"activationEvent":"*"}
[2019-03-20 12:06:36.300] [exthost] [info] ExtensionService#loadCommonJSModule /home/cristi/.vscode-oss/extensions/formulahendry.auto-close-tag-0.5.6/out/src/extension
[2019-03-20 12:06:36.301] [exthost] [info] ExtensionService#_doActivateExtension ionutvmi.path-autocomplete {"startup":true,"activationEvent":"*"}
[2019-03-20 12:06:36.301] [exthost] [info] ExtensionService#loadCommonJSModule /home/cristi/.vscode-oss/extensions/ionutvmi.path-autocomplete-1.13.1/out/src/extension
[2019-03-20 12:06:36.305] [exthost] [info] ExtensionService#_doActivateExtension lihui.vs-color-picker {"startup":true,"activationEvent":"*"}
[2019-03-20 12:06:36.305] [exthost] [info] ExtensionService#loadCommonJSModule /home/cristi/.vscode-oss/extensions/lihui.vs-color-picker-1.0.0/out/src/extension
[2019-03-20 12:06:36.306] [exthost] [info] ExtensionService#_doActivateExtension naumovs.color-highlight {"startup":true,"activationEvent":"*"}
[2019-03-20 12:06:36.306] [exthost] [info] ExtensionService#loadCommonJSModule /home/cristi/.vscode-oss/extensions/naumovs.color-highlight-2.3.0/dist/extension
[2019-03-20 12:06:36.333] [exthost] [info] ExtensionService#_doActivateExtension PKief.material-icon-theme {"startup":true,"activationEvent":"*"}
[2019-03-20 12:06:36.333] [exthost] [info] ExtensionService#loadCommonJSModule /home/cristi/.vscode-oss/extensions/pkief.material-icon-theme-3.6.3/out/src/extension
[2019-03-20 12:06:36.363] [exthost] [info] ExtensionService#_doActivateExtension ritwickdey.LiveServer {"startup":true,"activationEvent":"*"}
[2019-03-20 12:06:36.363] [exthost] [info] ExtensionService#loadCommonJSModule /home/cristi/.vscode-oss/extensions/ritwickdey.liveserver-5.5.1/out/src/extension
[2019-03-20 12:06:36.525] [exthost] [info] ExtensionService#_doActivateExtension vincaslt.highlight-matching-tag {"startup":true,"activationEvent":"*"}
[2019-03-20 12:06:36.525] [exthost] [info] ExtensionService#loadCommonJSModule /home/cristi/.vscode-oss/extensions/vincaslt.highlight-matching-tag-0.8.6/out/src/extension
[2019-03-20 12:06:36.530] [exthost] [info] ExtensionService#_doActivateExtension vscode-icons-team.vscode-icons {"startup":true,"activationEvent":"*"}
[2019-03-20 12:06:36.530] [exthost] [info] ExtensionService#loadCommonJSModule /home/cristi/.vscode-oss/extensions/vscode-icons-team.vscode-icons-8.3.0/out/src/
[2019-03-20 12:06:36.572] [exthost] [info] ExtensionService#_doActivateExtension vscode.typescript-language-features {"startup":false,"activationEvent":"onLanguage:javascript"}
[2019-03-20 12:06:36.572] [exthost] [info] ExtensionService#loadCommonJSModule /usr/lib/code/extensions/typescript-language-features/dist/extension
[2019-03-20 12:06:36.612] [exthost] [info] eager extensions activated
[2019-03-20 12:06:38.014] [exthost] [info] ExtensionService#_doActivateExtension vscode.html-language-features {"startup":false,"activationEvent":"onLanguage:html"}
[2019-03-20 12:06:38.015] [exthost] [info] ExtensionService#loadCommonJSModule /usr/lib/code/extensions/html-language-features/client/dist/htmlMain
