[2019-03-21 18:37:22.349] [renderer1] [info] no standard startup: panel is active
[2019-03-21 19:00:38.687] [renderer1] [error] TypeScript Server Error (3.3.3)
Debug Failure. False expression: `JsxText` tokens should not be the first child of `JsxElement | JsxSelfClosingElement`
Error: Debug Failure. False expression: `JsxText` tokens should not be the first child of `JsxElement | JsxSelfClosingElement`
    at findRightmostChildNodeWithTokens (tsserver.js:94032:26)
    at find (tsserver.js:94009:29)
    at findPrecedingToken (tsserver.js:93973:22)
    at getTokenAtPositionWorker (tsserver.js:93923:41)
    at getTouchingToken (tsserver.js:93897:16)
    at Object.getTouchingPropertyName (tsserver.js:93889:16)
    at Object.getQuickInfoAtPosition (tsserver.js:118517:27)
    at IOSession.Session.getQuickInfoWorker (tsserver.js:126540:62)
    at Session.handlers.ts.createMapFromTemplate._a.(anonymous function) (tsserver.js:125591:61)
    at tsserver.js:127127:88
    at IOSession.Session.executeWithRequestId (tsserver.js:127118:28)
    at IOSession.Session.executeCommand (tsserver.js:127127:33)
    at IOSession.Session.onMessage (tsserver.js:127149:35)
    at Interface.<anonymous> (tsserver.js:128410:27)
    at Interface.emit (events.js:182:13)
    at Interface._onLine (readline.js:290:10)
    at Interface._normalWrite (readline.js:433:12)
    at Socket.ondata (readline.js:149:10)
    at Socket.emit (events.js:182:13)
    at addChunk (_stream_readable.js:279:12)
    at readableAddChunk (_stream_readable.js:264:11)
    at Socket.Readable.push (_stream_readable.js:219:10)
    at Pipe.onread (net.js:636:20): Error: TypeScript Server Error (3.3.3)
Debug Failure. False expression: `JsxText` tokens should not be the first child of `JsxElement | JsxSelfClosingElement`
Error: Debug Failure. False expression: `JsxText` tokens should not be the first child of `JsxElement | JsxSelfClosingElement`
    at findRightmostChildNodeWithTokens (tsserver.js:94032:26)
    at find (tsserver.js:94009:29)
    at findPrecedingToken (tsserver.js:93973:22)
    at getTokenAtPositionWorker (tsserver.js:93923:41)
    at getTouchingToken (tsserver.js:93897:16)
    at Object.getTouchingPropertyName (tsserver.js:93889:16)
    at Object.getQuickInfoAtPosition (tsserver.js:118517:27)
    at IOSession.Session.getQuickInfoWorker (tsserver.js:126540:62)
    at Session.handlers.ts.createMapFromTemplate._a.(anonymous function) (tsserver.js:125591:61)
    at tsserver.js:127127:88
    at IOSession.Session.executeWithRequestId (tsserver.js:127118:28)
    at IOSession.Session.executeCommand (tsserver.js:127127:33)
    at IOSession.Session.onMessage (tsserver.js:127149:35)
    at Interface.<anonymous> (tsserver.js:128410:27)
    at Interface.emit (events.js:182:13)
    at Interface._onLine (readline.js:290:10)
    at Interface._normalWrite (readline.js:433:12)
    at Socket.ondata (readline.js:149:10)
    at Socket.emit (events.js:182:13)
    at addChunk (_stream_readable.js:279:12)
    at readableAddChunk (_stream_readable.js:264:11)
    at Socket.Readable.push (_stream_readable.js:219:10)
    at Pipe.onread (net.js:636:20)
	at Function.create (/usr/lib/code/extensions/typescript-language-features/dist/extension.js:1:173406)
	at v.dispatchResponse (/usr/lib/code/extensions/typescript-language-features/dist/extension.js:1:178712)
	at v.dispatchMessage (/usr/lib/code/extensions/typescript-language-features/dist/extension.js:1:177464)
	at constructor._reader.onData.e (/usr/lib/code/extensions/typescript-language-features/dist/extension.js:1:176820)
	at u.fire (/usr/lib/code/out/vs/workbench/services/extensions/node/extensionHostProcess.js:43:254)
	at t.Reader.onLengthData (/usr/lib/code/extensions/typescript-language-features/dist/extension.js:1:182680)
	at Socket.t.Reader.constructor.e.on.e (/usr/lib/code/extensions/typescript-language-features/dist/extension.js:1:182328)
	at Socket.emit (events.js:182:13)
	at addChunk (_stream_readable.js:279:12)
	at readableAddChunk (_stream_readable.js:264:11)
	at Socket.Readable.push (_stream_readable.js:219:10)
	at Pipe.onread (net.js:636:20)
