[2019-03-17 16:05:30.346] [exthost] [info] extension host started
[2019-03-17 16:05:30.423] [exthost] [info] ExtensionService#_doActivateExtension vscode.debug-auto-launch {"startup":true,"activationEvent":"*"}
[2019-03-17 16:05:30.423] [exthost] [info] ExtensionService#loadCommonJSModule /usr/lib/code/extensions/debug-auto-launch/dist/extension
[2019-03-17 16:05:30.427] [exthost] [info] ExtensionService#_doActivateExtension vscode.emmet {"startup":true,"activationEvent":"*"}
[2019-03-17 16:05:30.427] [exthost] [info] ExtensionService#loadCommonJSModule /usr/lib/code/extensions/emmet/dist/extension
[2019-03-17 16:05:30.441] [exthost] [info] ExtensionService#_doActivateExtension vscode.git {"startup":true,"activationEvent":"*"}
[2019-03-17 16:05:30.441] [exthost] [info] ExtensionService#loadCommonJSModule /usr/lib/code/extensions/git/dist/main
[2019-03-17 16:05:30.513] [exthost] [info] ExtensionService#_doActivateExtension vscode.merge-conflict {"startup":true,"activationEvent":"*"}
[2019-03-17 16:05:30.513] [exthost] [info] ExtensionService#loadCommonJSModule /usr/lib/code/extensions/merge-conflict/dist/extension
[2019-03-17 16:05:30.518] [exthost] [info] ExtensionService#_doActivateExtension CoenraadS.bracket-pair-colorizer-2 {"startup":true,"activationEvent":"*"}
[2019-03-17 16:05:30.518] [exthost] [info] ExtensionService#loadCommonJSModule /home/cristi/.vscode-oss/extensions/coenraads.bracket-pair-colorizer-2-0.0.28/out/src/extension
[2019-03-17 16:05:30.535] [exthost] [info] ExtensionService#_doActivateExtension eamodio.gitlens {"startup":true,"activationEvent":"*"}
[2019-03-17 16:05:30.535] [exthost] [info] ExtensionService#loadCommonJSModule /home/cristi/.vscode-oss/extensions/eamodio.gitlens-9.5.1/dist/extension
[2019-03-17 16:05:30.623] [exthost] [info] ExtensionService#_doActivateExtension Equinusocio.vsc-material-theme {"startup":true,"activationEvent":"*"}
[2019-03-17 16:05:30.623] [exthost] [info] ExtensionService#loadCommonJSModule /home/cristi/.vscode-oss/extensions/equinusocio.vsc-material-theme-2.7.0/out/src/material.theme.config
[2019-03-17 16:05:30.631] [exthost] [info] ExtensionService#_doActivateExtension formulahendry.auto-close-tag {"startup":true,"activationEvent":"*"}
[2019-03-17 16:05:30.631] [exthost] [info] ExtensionService#loadCommonJSModule /home/cristi/.vscode-oss/extensions/formulahendry.auto-close-tag-0.5.6/out/src/extension
[2019-03-17 16:05:30.632] [exthost] [info] ExtensionService#_doActivateExtension ionutvmi.path-autocomplete {"startup":true,"activationEvent":"*"}
[2019-03-17 16:05:30.632] [exthost] [info] ExtensionService#loadCommonJSModule /home/cristi/.vscode-oss/extensions/ionutvmi.path-autocomplete-1.13.1/out/src/extension
[2019-03-17 16:05:30.640] [exthost] [info] ExtensionService#_doActivateExtension lihui.vs-color-picker {"startup":true,"activationEvent":"*"}
[2019-03-17 16:05:30.640] [exthost] [info] ExtensionService#loadCommonJSModule /home/cristi/.vscode-oss/extensions/lihui.vs-color-picker-1.0.0/out/src/extension
[2019-03-17 16:05:30.641] [exthost] [info] ExtensionService#_doActivateExtension naumovs.color-highlight {"startup":true,"activationEvent":"*"}
[2019-03-17 16:05:30.641] [exthost] [info] ExtensionService#loadCommonJSModule /home/cristi/.vscode-oss/extensions/naumovs.color-highlight-2.3.0/dist/extension
[2019-03-17 16:05:30.658] [exthost] [info] ExtensionService#_doActivateExtension PKief.material-icon-theme {"startup":true,"activationEvent":"*"}
[2019-03-17 16:05:30.658] [exthost] [info] ExtensionService#loadCommonJSModule /home/cristi/.vscode-oss/extensions/pkief.material-icon-theme-3.6.3/out/src/extension
[2019-03-17 16:05:30.688] [exthost] [info] ExtensionService#_doActivateExtension ritwickdey.LiveServer {"startup":true,"activationEvent":"*"}
[2019-03-17 16:05:30.688] [exthost] [info] ExtensionService#loadCommonJSModule /home/cristi/.vscode-oss/extensions/ritwickdey.liveserver-5.5.1/out/src/extension
[2019-03-17 16:05:30.988] [exthost] [info] ExtensionService#_doActivateExtension vincaslt.highlight-matching-tag {"startup":true,"activationEvent":"*"}
[2019-03-17 16:05:30.988] [exthost] [info] ExtensionService#loadCommonJSModule /home/cristi/.vscode-oss/extensions/vincaslt.highlight-matching-tag-0.8.6/out/src/extension
[2019-03-17 16:05:30.996] [exthost] [info] ExtensionService#_doActivateExtension vscode-icons-team.vscode-icons {"startup":true,"activationEvent":"*"}
[2019-03-17 16:05:30.996] [exthost] [info] ExtensionService#loadCommonJSModule /home/cristi/.vscode-oss/extensions/vscode-icons-team.vscode-icons-8.3.0/out/src/
[2019-03-17 16:05:31.053] [exthost] [info] ExtensionService#_doActivateExtension vscode.html-language-features {"startup":false,"activationEvent":"onLanguage:html"}
[2019-03-17 16:05:31.053] [exthost] [info] ExtensionService#loadCommonJSModule /usr/lib/code/extensions/html-language-features/client/dist/htmlMain
[2019-03-17 16:05:31.112] [exthost] [info] eager extensions activated
[2019-03-17 16:05:55.813] [exthost] [info] extension host started
[2019-03-17 16:05:55.831] [exthost] [info] ExtensionService#_doActivateExtension vscode.debug-auto-launch {"startup":true,"activationEvent":"*"}
[2019-03-17 16:05:55.831] [exthost] [info] ExtensionService#loadCommonJSModule /usr/lib/code/extensions/debug-auto-launch/dist/extension
[2019-03-17 16:05:55.833] [exthost] [info] ExtensionService#_doActivateExtension vscode.emmet {"startup":true,"activationEvent":"*"}
[2019-03-17 16:05:55.833] [exthost] [info] ExtensionService#loadCommonJSModule /usr/lib/code/extensions/emmet/dist/extension
[2019-03-17 16:05:55.845] [exthost] [info] ExtensionService#_doActivateExtension vscode.git {"startup":true,"activationEvent":"*"}
[2019-03-17 16:05:55.845] [exthost] [info] ExtensionService#loadCommonJSModule /usr/lib/code/extensions/git/dist/main
[2019-03-17 16:05:55.905] [exthost] [info] ExtensionService#_doActivateExtension vscode.merge-conflict {"startup":true,"activationEvent":"*"}
[2019-03-17 16:05:55.905] [exthost] [info] ExtensionService#loadCommonJSModule /usr/lib/code/extensions/merge-conflict/dist/extension
[2019-03-17 16:05:55.907] [exthost] [info] ExtensionService#_doActivateExtension CoenraadS.bracket-pair-colorizer-2 {"startup":true,"activationEvent":"*"}
[2019-03-17 16:05:55.907] [exthost] [info] ExtensionService#loadCommonJSModule /home/cristi/.vscode-oss/extensions/coenraads.bracket-pair-colorizer-2-0.0.28/out/src/extension
[2019-03-17 16:05:55.917] [exthost] [info] ExtensionService#_doActivateExtension eamodio.gitlens {"startup":true,"activationEvent":"*"}
[2019-03-17 16:05:55.917] [exthost] [info] ExtensionService#loadCommonJSModule /home/cristi/.vscode-oss/extensions/eamodio.gitlens-9.5.1/dist/extension
[2019-03-17 16:05:55.986] [exthost] [info] ExtensionService#_doActivateExtension Equinusocio.vsc-material-theme {"startup":true,"activationEvent":"*"}
[2019-03-17 16:05:55.986] [exthost] [info] ExtensionService#loadCommonJSModule /home/cristi/.vscode-oss/extensions/equinusocio.vsc-material-theme-2.7.0/out/src/material.theme.config
[2019-03-17 16:05:55.990] [exthost] [info] ExtensionService#_doActivateExtension formulahendry.auto-close-tag {"startup":true,"activationEvent":"*"}
[2019-03-17 16:05:55.990] [exthost] [info] ExtensionService#loadCommonJSModule /home/cristi/.vscode-oss/extensions/formulahendry.auto-close-tag-0.5.6/out/src/extension
[2019-03-17 16:05:55.991] [exthost] [info] ExtensionService#_doActivateExtension ionutvmi.path-autocomplete {"startup":true,"activationEvent":"*"}
[2019-03-17 16:05:55.991] [exthost] [info] ExtensionService#loadCommonJSModule /home/cristi/.vscode-oss/extensions/ionutvmi.path-autocomplete-1.13.1/out/src/extension
[2019-03-17 16:05:55.994] [exthost] [info] ExtensionService#_doActivateExtension lihui.vs-color-picker {"startup":true,"activationEvent":"*"}
[2019-03-17 16:05:55.994] [exthost] [info] ExtensionService#loadCommonJSModule /home/cristi/.vscode-oss/extensions/lihui.vs-color-picker-1.0.0/out/src/extension
[2019-03-17 16:05:55.995] [exthost] [info] ExtensionService#_doActivateExtension naumovs.color-highlight {"startup":true,"activationEvent":"*"}
[2019-03-17 16:05:55.995] [exthost] [info] ExtensionService#loadCommonJSModule /home/cristi/.vscode-oss/extensions/naumovs.color-highlight-2.3.0/dist/extension
[2019-03-17 16:05:56.009] [exthost] [info] ExtensionService#_doActivateExtension PKief.material-icon-theme {"startup":true,"activationEvent":"*"}
[2019-03-17 16:05:56.009] [exthost] [info] ExtensionService#loadCommonJSModule /home/cristi/.vscode-oss/extensions/pkief.material-icon-theme-3.6.3/out/src/extension
[2019-03-17 16:05:56.030] [exthost] [info] ExtensionService#_doActivateExtension ritwickdey.LiveServer {"startup":true,"activationEvent":"*"}
[2019-03-17 16:05:56.030] [exthost] [info] ExtensionService#loadCommonJSModule /home/cristi/.vscode-oss/extensions/ritwickdey.liveserver-5.5.1/out/src/extension
[2019-03-17 16:05:56.180] [exthost] [info] ExtensionService#_doActivateExtension vincaslt.highlight-matching-tag {"startup":true,"activationEvent":"*"}
[2019-03-17 16:05:56.180] [exthost] [info] ExtensionService#loadCommonJSModule /home/cristi/.vscode-oss/extensions/vincaslt.highlight-matching-tag-0.8.6/out/src/extension
[2019-03-17 16:05:56.185] [exthost] [info] ExtensionService#_doActivateExtension vscode-icons-team.vscode-icons {"startup":true,"activationEvent":"*"}
[2019-03-17 16:05:56.185] [exthost] [info] ExtensionService#loadCommonJSModule /home/cristi/.vscode-oss/extensions/vscode-icons-team.vscode-icons-8.3.0/out/src/
[2019-03-17 16:05:56.225] [exthost] [info] eager extensions activated
[2019-03-17 16:06:00.582] [exthost] [info] ExtensionService#_doActivateExtension vscode.typescript-language-features {"startup":false,"activationEvent":"onLanguage:javascript"}
[2019-03-17 16:06:00.582] [exthost] [info] ExtensionService#loadCommonJSModule /usr/lib/code/extensions/typescript-language-features/dist/extension
[2019-03-17 16:06:53.568] [exthost] [info] ExtensionService#_doActivateExtension vscode.extension-editing {"startup":false,"activationEvent":"onLanguage:typescript"}
[2019-03-17 16:06:53.568] [exthost] [info] ExtensionService#loadCommonJSModule /usr/lib/code/extensions/extension-editing/dist/extension
[2019-03-17 16:08:23.094] [exthost] [info] ExtensionService#_doActivateExtension vscode.configuration-editing {"startup":false,"activationEvent":"onLanguage:jsonc"}
[2019-03-17 16:08:23.094] [exthost] [info] ExtensionService#loadCommonJSModule /usr/lib/code/extensions/configuration-editing/dist/extension
[2019-03-17 16:08:23.101] [exthost] [info] ExtensionService#_doActivateExtension vscode.json-language-features {"startup":false,"activationEvent":"onLanguage:jsonc"}
[2019-03-17 16:08:23.101] [exthost] [info] ExtensionService#loadCommonJSModule /usr/lib/code/extensions/json-language-features/client/dist/jsonMain
[2019-03-17 16:08:49.687] [exthost] [info] ExtensionService#_doActivateExtension esbenp.prettier-vscode {"startup":false,"activationEvent":"*"}
[2019-03-17 16:08:49.687] [exthost] [info] ExtensionService#loadCommonJSModule /home/cristi/.vscode-oss/extensions/esbenp.prettier-vscode-1.8.1/out/src/extension
