Looking for git in: git
Using git 2.21.0 from git
> git rev-parse --show-toplevel
> git config --get commit.template
Open repository: /home/cristi/projects/pewpew-shooter
> git status -z -u
> git symbolic-ref --short HEAD
> git rev-parse master
> git rev-parse --symbolic-full-name master@{u}
> git rev-list --left-right master...refs/remotes/origin/master
> git for-each-ref --format %(refname) %(objectname) --sort -committerdate
> git remote --verbose
> git show :index.html
> git check-ignore -z --stdin
> git show :scripts/laser.js
> git show :index.html
> git show :scripts/laser.js
> git show :scripts/enemies.js
> git show :scripts/laser.js
> git show :scripts/background.js
> git show :style.css
> git show :scripts/laser.js
