[2019-03-22 12:54:43.432] [exthost] [info] extension host started
[2019-03-22 12:54:43.477] [exthost] [info] ExtensionService#_doActivateExtension vscode.debug-auto-launch {"startup":true,"activationEvent":"*"}
[2019-03-22 12:54:43.477] [exthost] [info] ExtensionService#loadCommonJSModule /usr/lib/code/extensions/debug-auto-launch/dist/extension
[2019-03-22 12:54:43.479] [exthost] [info] ExtensionService#_doActivateExtension vscode.emmet {"startup":true,"activationEvent":"*"}
[2019-03-22 12:54:43.479] [exthost] [info] ExtensionService#loadCommonJSModule /usr/lib/code/extensions/emmet/dist/extension
[2019-03-22 12:54:43.492] [exthost] [info] ExtensionService#_doActivateExtension vscode.git {"startup":true,"activationEvent":"*"}
[2019-03-22 12:54:43.492] [exthost] [info] ExtensionService#loadCommonJSModule /usr/lib/code/extensions/git/dist/main
[2019-03-22 12:54:43.562] [exthost] [info] ExtensionService#_doActivateExtension vscode.merge-conflict {"startup":true,"activationEvent":"*"}
[2019-03-22 12:54:43.562] [exthost] [info] ExtensionService#loadCommonJSModule /usr/lib/code/extensions/merge-conflict/dist/extension
[2019-03-22 12:54:43.565] [exthost] [info] ExtensionService#_doActivateExtension CoenraadS.bracket-pair-colorizer-2 {"startup":true,"activationEvent":"*"}
[2019-03-22 12:54:43.565] [exthost] [info] ExtensionService#loadCommonJSModule /home/cristi/.vscode-oss/extensions/coenraads.bracket-pair-colorizer-2-0.0.28/out/src/extension
[2019-03-22 12:54:43.580] [exthost] [info] ExtensionService#_doActivateExtension eamodio.gitlens {"startup":true,"activationEvent":"*"}
[2019-03-22 12:54:43.580] [exthost] [info] ExtensionService#loadCommonJSModule /home/cristi/.vscode-oss/extensions/eamodio.gitlens-9.5.1/dist/extension
[2019-03-22 12:54:43.671] [exthost] [info] ExtensionService#_doActivateExtension Equinusocio.vsc-material-theme {"startup":true,"activationEvent":"*"}
[2019-03-22 12:54:43.671] [exthost] [info] ExtensionService#loadCommonJSModule /home/cristi/.vscode-oss/extensions/equinusocio.vsc-material-theme-2.8.1/out/src/material.theme.config
[2019-03-22 12:54:43.678] [exthost] [info] ExtensionService#_doActivateExtension esbenp.prettier-vscode {"startup":true,"activationEvent":"*"}
[2019-03-22 12:54:43.678] [exthost] [info] ExtensionService#loadCommonJSModule /home/cristi/.vscode-oss/extensions/esbenp.prettier-vscode-1.8.1/out/src/extension
[2019-03-22 12:54:43.800] [exthost] [info] ExtensionService#_doActivateExtension formulahendry.auto-close-tag {"startup":true,"activationEvent":"*"}
[2019-03-22 12:54:43.800] [exthost] [info] ExtensionService#loadCommonJSModule /home/cristi/.vscode-oss/extensions/formulahendry.auto-close-tag-0.5.6/out/src/extension
[2019-03-22 12:54:43.802] [exthost] [info] ExtensionService#_doActivateExtension ionutvmi.path-autocomplete {"startup":true,"activationEvent":"*"}
[2019-03-22 12:54:43.802] [exthost] [info] ExtensionService#loadCommonJSModule /home/cristi/.vscode-oss/extensions/ionutvmi.path-autocomplete-1.13.1/out/src/extension
[2019-03-22 12:54:43.809] [exthost] [info] ExtensionService#_doActivateExtension lihui.vs-color-picker {"startup":true,"activationEvent":"*"}
[2019-03-22 12:54:43.809] [exthost] [info] ExtensionService#loadCommonJSModule /home/cristi/.vscode-oss/extensions/lihui.vs-color-picker-1.0.0/out/src/extension
[2019-03-22 12:54:43.810] [exthost] [info] ExtensionService#_doActivateExtension naumovs.color-highlight {"startup":true,"activationEvent":"*"}
[2019-03-22 12:54:43.810] [exthost] [info] ExtensionService#loadCommonJSModule /home/cristi/.vscode-oss/extensions/naumovs.color-highlight-2.3.0/dist/extension
[2019-03-22 12:54:43.830] [exthost] [info] ExtensionService#_doActivateExtension PKief.material-icon-theme {"startup":true,"activationEvent":"*"}
[2019-03-22 12:54:43.830] [exthost] [info] ExtensionService#loadCommonJSModule /home/cristi/.vscode-oss/extensions/pkief.material-icon-theme-3.6.3/out/src/extension
[2019-03-22 12:54:43.859] [exthost] [info] ExtensionService#_doActivateExtension ritwickdey.LiveServer {"startup":true,"activationEvent":"*"}
[2019-03-22 12:54:43.859] [exthost] [info] ExtensionService#loadCommonJSModule /home/cristi/.vscode-oss/extensions/ritwickdey.liveserver-5.5.1/out/src/extension
[2019-03-22 12:54:44.129] [exthost] [info] ExtensionService#_doActivateExtension vincaslt.highlight-matching-tag {"startup":true,"activationEvent":"*"}
[2019-03-22 12:54:44.129] [exthost] [info] ExtensionService#loadCommonJSModule /home/cristi/.vscode-oss/extensions/vincaslt.highlight-matching-tag-0.8.6/out/src/extension
[2019-03-22 12:54:44.136] [exthost] [info] ExtensionService#_doActivateExtension vscode-icons-team.vscode-icons {"startup":true,"activationEvent":"*"}
[2019-03-22 12:54:44.136] [exthost] [info] ExtensionService#loadCommonJSModule /home/cristi/.vscode-oss/extensions/vscode-icons-team.vscode-icons-8.3.0/out/src/
[2019-03-22 12:54:44.190] [exthost] [info] ExtensionService#_doActivateExtension vscode.typescript-language-features {"startup":false,"activationEvent":"onLanguage:javascript"}
[2019-03-22 12:54:44.190] [exthost] [info] ExtensionService#loadCommonJSModule /usr/lib/code/extensions/typescript-language-features/dist/extension
[2019-03-22 12:54:44.230] [exthost] [info] eager extensions activated
